2024-08-18 08:46:39 startup archives unpack
2024-08-18 08:46:39 install libbrotli1:amd64 <none> 1.0.9-2+b2
2024-08-18 08:46:39 status triggers-pending libc-bin:amd64 2.31-13+deb11u10
2024-08-18 08:46:39 status half-installed libbrotli1:amd64 1.0.9-2+b2
2024-08-18 08:46:39 status unpacked libbrotli1:amd64 1.0.9-2+b2
2024-08-18 08:46:39 install libsasl2-modules-db:amd64 <none> 2.1.27+dfsg-2.1+deb11u1
2024-08-18 08:46:39 status half-installed libsasl2-modules-db:amd64 2.1.27+dfsg-2.1+deb11u1
2024-08-18 08:46:39 status unpacked libsasl2-modules-db:amd64 2.1.27+dfsg-2.1+deb11u1
2024-08-18 08:46:39 install libsasl2-2:amd64 <none> 2.1.27+dfsg-2.1+deb11u1
2024-08-18 08:46:39 status half-installed libsasl2-2:amd64 2.1.27+dfsg-2.1+deb11u1
2024-08-18 08:46:39 status unpacked libsasl2-2:amd64 2.1.27+dfsg-2.1+deb11u1
2024-08-18 08:46:39 install libldap-2.4-2:amd64 <none> 2.4.57+dfsg-3+deb11u1
2024-08-18 08:46:39 status half-installed libldap-2.4-2:amd64 2.4.57+dfsg-3+deb11u1
2024-08-18 08:46:39 status unpacked libldap-2.4-2:amd64 2.4.57+dfsg-3+deb11u1
2024-08-18 08:46:39 install libnghttp2-14:amd64 <none> 1.43.0-1+deb11u1
2024-08-18 08:46:39 status half-installed libnghttp2-14:amd64 1.43.0-1+deb11u1
2024-08-18 08:46:39 status unpacked libnghttp2-14:amd64 1.43.0-1+deb11u1
2024-08-18 08:46:39 install libpsl5:amd64 <none> 0.21.0-1.2
2024-08-18 08:46:39 status half-installed libpsl5:amd64 0.21.0-1.2
2024-08-18 08:46:39 status unpacked libpsl5:amd64 0.21.0-1.2
2024-08-18 08:46:39 install librtmp1:amd64 <none> 2.4+20151223.gitfa8646d.1-2+b2
2024-08-18 08:46:39 status half-installed librtmp1:amd64 2.4+20151223.gitfa8646d.1-2+b2
2024-08-18 08:46:39 status unpacked librtmp1:amd64 2.4+20151223.gitfa8646d.1-2+b2
2024-08-18 08:46:39 install libssh2-1:amd64 <none> 1.9.0-2+deb11u1
2024-08-18 08:46:39 status half-installed libssh2-1:amd64 1.9.0-2+deb11u1
2024-08-18 08:46:39 status unpacked libssh2-1:amd64 1.9.0-2+deb11u1
2024-08-18 08:46:39 install libcurl4:amd64 <none> 7.74.0-1.3+deb11u12
2024-08-18 08:46:39 status half-installed libcurl4:amd64 7.74.0-1.3+deb11u12
2024-08-18 08:46:40 status unpacked libcurl4:amd64 7.74.0-1.3+deb11u12
2024-08-18 08:46:40 install curl:amd64 <none> 7.74.0-1.3+deb11u12
2024-08-18 08:46:40 status half-installed curl:amd64 7.74.0-1.3+deb11u12
2024-08-18 08:46:40 status unpacked curl:amd64 7.74.0-1.3+deb11u12
2024-08-18 08:46:40 install libldap-common:all <none> 2.4.57+dfsg-3+deb11u1
2024-08-18 08:46:40 status half-installed libldap-common:all 2.4.57+dfsg-3+deb11u1
2024-08-18 08:46:40 status unpacked libldap-common:all 2.4.57+dfsg-3+deb11u1
2024-08-18 08:46:40 install libsasl2-modules:amd64 <none> 2.1.27+dfsg-2.1+deb11u1
2024-08-18 08:46:40 status half-installed libsasl2-modules:amd64 2.1.27+dfsg-2.1+deb11u1
2024-08-18 08:46:40 status unpacked libsasl2-modules:amd64 2.1.27+dfsg-2.1+deb11u1
2024-08-18 08:46:40 install publicsuffix:all <none> 20220811.1734-0+deb11u1
2024-08-18 08:46:40 status half-installed publicsuffix:all 20220811.1734-0+deb11u1
2024-08-18 08:46:40 status unpacked publicsuffix:all 20220811.1734-0+deb11u1
2024-08-18 08:46:40 startup packages configure
2024-08-18 08:46:40 configure libpsl5:amd64 0.21.0-1.2 <none>
2024-08-18 08:46:40 status unpacked libpsl5:amd64 0.21.0-1.2
2024-08-18 08:46:40 status half-configured libpsl5:amd64 0.21.0-1.2
2024-08-18 08:46:40 status installed libpsl5:amd64 0.21.0-1.2
2024-08-18 08:46:40 configure libbrotli1:amd64 1.0.9-2+b2 <none>
2024-08-18 08:46:40 status unpacked libbrotli1:amd64 1.0.9-2+b2
2024-08-18 08:46:40 status half-configured libbrotli1:amd64 1.0.9-2+b2
2024-08-18 08:46:40 status installed libbrotli1:amd64 1.0.9-2+b2
2024-08-18 08:46:40 configure libsasl2-modules:amd64 2.1.27+dfsg-2.1+deb11u1 <none>
2024-08-18 08:46:40 status unpacked libsasl2-modules:amd64 2.1.27+dfsg-2.1+deb11u1
2024-08-18 08:46:40 status half-configured libsasl2-modules:amd64 2.1.27+dfsg-2.1+deb11u1
2024-08-18 08:46:40 status installed libsasl2-modules:amd64 2.1.27+dfsg-2.1+deb11u1
2024-08-18 08:46:40 configure libnghttp2-14:amd64 1.43.0-1+deb11u1 <none>
2024-08-18 08:46:40 status unpacked libnghttp2-14:amd64 1.43.0-1+deb11u1
2024-08-18 08:46:40 status half-configured libnghttp2-14:amd64 1.43.0-1+deb11u1
2024-08-18 08:46:40 status installed libnghttp2-14:amd64 1.43.0-1+deb11u1
2024-08-18 08:46:40 configure libldap-common:all 2.4.57+dfsg-3+deb11u1 <none>
2024-08-18 08:46:40 status unpacked libldap-common:all 2.4.57+dfsg-3+deb11u1
2024-08-18 08:46:40 status half-configured libldap-common:all 2.4.57+dfsg-3+deb11u1
2024-08-18 08:46:40 status installed libldap-common:all 2.4.57+dfsg-3+deb11u1
2024-08-18 08:46:40 configure libsasl2-modules-db:amd64 2.1.27+dfsg-2.1+deb11u1 <none>
2024-08-18 08:46:40 status unpacked libsasl2-modules-db:amd64 2.1.27+dfsg-2.1+deb11u1
2024-08-18 08:46:40 status half-configured libsasl2-modules-db:amd64 2.1.27+dfsg-2.1+deb11u1
2024-08-18 08:46:40 status installed libsasl2-modules-db:amd64 2.1.27+dfsg-2.1+deb11u1
2024-08-18 08:46:40 configure librtmp1:amd64 2.4+20151223.gitfa8646d.1-2+b2 <none>
2024-08-18 08:46:40 status unpacked librtmp1:amd64 2.4+20151223.gitfa8646d.1-2+b2
2024-08-18 08:46:40 status half-configured librtmp1:amd64 2.4+20151223.gitfa8646d.1-2+b2
2024-08-18 08:46:40 status installed librtmp1:amd64 2.4+20151223.gitfa8646d.1-2+b2
2024-08-18 08:46:40 configure libsasl2-2:amd64 2.1.27+dfsg-2.1+deb11u1 <none>
2024-08-18 08:46:40 status unpacked libsasl2-2:amd64 2.1.27+dfsg-2.1+deb11u1
2024-08-18 08:46:40 status half-configured libsasl2-2:amd64 2.1.27+dfsg-2.1+deb11u1
2024-08-18 08:46:40 status installed libsasl2-2:amd64 2.1.27+dfsg-2.1+deb11u1
2024-08-18 08:46:40 configure libssh2-1:amd64 1.9.0-2+deb11u1 <none>
2024-08-18 08:46:40 status unpacked libssh2-1:amd64 1.9.0-2+deb11u1
2024-08-18 08:46:40 status half-configured libssh2-1:amd64 1.9.0-2+deb11u1
2024-08-18 08:46:40 status installed libssh2-1:amd64 1.9.0-2+deb11u1
2024-08-18 08:46:40 configure publicsuffix:all 20220811.1734-0+deb11u1 <none>
2024-08-18 08:46:40 status unpacked publicsuffix:all 20220811.1734-0+deb11u1
2024-08-18 08:46:40 status half-configured publicsuffix:all 20220811.1734-0+deb11u1
2024-08-18 08:46:40 status installed publicsuffix:all 20220811.1734-0+deb11u1
2024-08-18 08:46:40 configure libldap-2.4-2:amd64 2.4.57+dfsg-3+deb11u1 <none>
2024-08-18 08:46:40 status unpacked libldap-2.4-2:amd64 2.4.57+dfsg-3+deb11u1
2024-08-18 08:46:40 status half-configured libldap-2.4-2:amd64 2.4.57+dfsg-3+deb11u1
2024-08-18 08:46:40 status installed libldap-2.4-2:amd64 2.4.57+dfsg-3+deb11u1
2024-08-18 08:46:40 configure libcurl4:amd64 7.74.0-1.3+deb11u12 <none>
2024-08-18 08:46:40 status unpacked libcurl4:amd64 7.74.0-1.3+deb11u12
2024-08-18 08:46:40 status half-configured libcurl4:amd64 7.74.0-1.3+deb11u12
2024-08-18 08:46:40 status installed libcurl4:amd64 7.74.0-1.3+deb11u12
2024-08-18 08:46:40 configure curl:amd64 7.74.0-1.3+deb11u12 <none>
2024-08-18 08:46:40 status unpacked curl:amd64 7.74.0-1.3+deb11u12
2024-08-18 08:46:40 status half-configured curl:amd64 7.74.0-1.3+deb11u12
2024-08-18 08:46:40 status installed curl:amd64 7.74.0-1.3+deb11u12
2024-08-18 08:46:40 trigproc libc-bin:amd64 2.31-13+deb11u10 <none>
2024-08-18 08:46:40 status half-configured libc-bin:amd64 2.31-13+deb11u10
2024-08-18 08:46:40 status installed libc-bin:amd64 2.31-13+deb11u10
2024-08-18 08:47:11 startup archives unpack
2024-08-18 08:47:11 install net-tools:amd64 <none> 1.60+git20181103.0eebece-1
2024-08-18 08:47:11 status half-installed net-tools:amd64 1.60+git20181103.0eebece-1
2024-08-18 08:47:11 status unpacked net-tools:amd64 1.60+git20181103.0eebece-1
2024-08-18 08:47:12 startup packages configure
2024-08-18 08:47:12 configure net-tools:amd64 1.60+git20181103.0eebece-1 <none>
2024-08-18 08:47:12 status unpacked net-tools:amd64 1.60+git20181103.0eebece-1
2024-08-18 08:47:12 status half-configured net-tools:amd64 1.60+git20181103.0eebece-1
2024-08-18 08:47:12 status installed net-tools:amd64 1.60+git20181103.0eebece-1
2024-08-18 08:47:45 startup archives unpack
2024-08-18 08:47:45 install libcap2:amd64 <none> 1:2.44-1
2024-08-18 08:47:45 status triggers-pending libc-bin:amd64 2.31-13+deb11u10
2024-08-18 08:47:45 status half-installed libcap2:amd64 1:2.44-1
2024-08-18 08:47:45 status unpacked libcap2:amd64 1:2.44-1
2024-08-18 08:47:45 install libcap2-bin:amd64 <none> 1:2.44-1
2024-08-18 08:47:45 status half-installed libcap2-bin:amd64 1:2.44-1
2024-08-18 08:47:45 status unpacked libcap2-bin:amd64 1:2.44-1
2024-08-18 08:47:45 install iputils-ping:amd64 <none> 3:20210202-1
2024-08-18 08:47:45 status half-installed iputils-ping:amd64 3:20210202-1
2024-08-18 08:47:45 status unpacked iputils-ping:amd64 3:20210202-1
2024-08-18 08:47:45 install libpam-cap:amd64 <none> 1:2.44-1
2024-08-18 08:47:45 status half-installed libpam-cap:amd64 1:2.44-1
2024-08-18 08:47:45 status unpacked libpam-cap:amd64 1:2.44-1
2024-08-18 08:47:45 startup packages configure
2024-08-18 08:47:45 configure libcap2:amd64 1:2.44-1 <none>
2024-08-18 08:47:45 status unpacked libcap2:amd64 1:2.44-1
2024-08-18 08:47:45 status half-configured libcap2:amd64 1:2.44-1
2024-08-18 08:47:45 status installed libcap2:amd64 1:2.44-1
2024-08-18 08:47:45 configure libcap2-bin:amd64 1:2.44-1 <none>
2024-08-18 08:47:45 status unpacked libcap2-bin:amd64 1:2.44-1
2024-08-18 08:47:45 status half-configured libcap2-bin:amd64 1:2.44-1
2024-08-18 08:47:45 status installed libcap2-bin:amd64 1:2.44-1
2024-08-18 08:47:45 configure libpam-cap:amd64 1:2.44-1 <none>
2024-08-18 08:47:45 status unpacked libpam-cap:amd64 1:2.44-1
2024-08-18 08:47:45 status half-configured libpam-cap:amd64 1:2.44-1
2024-08-18 08:47:45 status installed libpam-cap:amd64 1:2.44-1
2024-08-18 08:47:45 configure iputils-ping:amd64 3:20210202-1 <none>
2024-08-18 08:47:45 status unpacked iputils-ping:amd64 3:20210202-1
2024-08-18 08:47:45 status half-configured iputils-ping:amd64 3:20210202-1
2024-08-18 08:47:45 status installed iputils-ping:amd64 3:20210202-1
2024-08-18 08:47:45 trigproc libc-bin:amd64 2.31-13+deb11u10 <none>
2024-08-18 08:47:45 status half-configured libc-bin:amd64 2.31-13+deb11u10
2024-08-18 08:47:45 status installed libc-bin:amd64 2.31-13+deb11u10
